app/build/intermediates/manifest_merge_blame_file/debug/manifest-merger-blame-debug-report.txt
1<?xml version="1.0" encoding="utf-8"?>
2<manifest xmlns:android="http://schemas.android.com/apk/res/android"
3    package="com.example.location"
4    android:versionCode="1"
5    android:versionName="1.0" >
6
7    <uses-sdk
8        android:minSdkVersion="24"
8-->src\main\AndroidManifest.xml
9        android:targetSdkVersion="29" />
9-->src\main\AndroidManifest.xml
10
11    <uses-permission android:name="android.permission.ACCESS_FINE_LOCATION" />
11-->src\main\AndroidManifest.xml:4:5-95
11-->src\main\AndroidManifest.xml:4:22-76
12
13    <!-- Include required permissions for Google Mobile Ads to run -->
14    <uses-permission android:name="android.permission.INTERNET" />
14-->[com.google.android.gms:play-services-ads-lite:12.0.1] AndroidManifest.xml:23:5-67
14-->[com.google.android.gms:play-services-ads-lite:12.0.1] AndroidManifest.xml:23:22-64
15    <uses-permission android:name="android.permission.ACCESS_NETWORK_STATE" /> <!-- Optional permission for Analytics to run. -->
15-->[com.google.android.gms:play-services-ads-lite:12.0.1] AndroidManifest.xml:24:5-79
15-->[com.google.android.gms:play-services-ads-lite:12.0.1] AndroidManifest.xml:24:22-76
16    <uses-permission android:name="android.permission.WAKE_LOCK" /> <!-- Required by older versions of Google Play services to create GCM registration tokens -->
16-->[com.google.android.gms:play-services-analytics:12.0.1] AndroidManifest.xml:27:5-68
16-->[com.google.android.gms:play-services-analytics:12.0.1] AndroidManifest.xml:27:22-65
17    <uses-permission android:name="com.google.android.c2dm.permission.RECEIVE" />
17-->[com.google.android.gms:play-services-gcm:12.0.1] AndroidManifest.xml:23:5-82
17-->[com.google.android.gms:play-services-gcm:12.0.1] AndroidManifest.xml:23:22-79
18
19    <uses-feature
19-->[com.google.android.gms:play-services-maps:12.0.1] AndroidManifest.xml:26:5-28:35
20        android:glEsVersion="0x00020000"
20-->[com.google.android.gms:play-services-maps:12.0.1] AndroidManifest.xml:27:9-41
21        android:required="true" />
21-->[com.google.android.gms:play-services-maps:12.0.1] AndroidManifest.xml:28:9-32
22
23    <permission
23-->[com.google.firebase:firebase-iid:12.0.1] AndroidManifest.xml:28:5-30:47
24        android:name="com.example.location.permission.C2D_MESSAGE"
24-->[com.google.firebase:firebase-iid:12.0.1] AndroidManifest.xml:29:9-63
25        android:protectionLevel="signature" />
25-->[com.google.firebase:firebase-iid:12.0.1] AndroidManifest.xml:30:9-44
26
27    <uses-permission android:name="com.example.location.permission.C2D_MESSAGE" />
27-->[com.google.firebase:firebase-iid:12.0.1] AndroidManifest.xml:32:5-79
27-->[com.google.firebase:firebase-iid:12.0.1] AndroidManifest.xml:32:22-76
28
29    <application
29-->src\main\AndroidManifest.xml:5:5-19:19
30        android:allowBackup="true"
30-->src\main\AndroidManifest.xml:6:9-35
31        android:appComponentFactory="androidx.core.app.CoreComponentFactory"
31-->[androidx.core:core:1.0.1] AndroidManifest.xml:22:18-86
32        android:debuggable="true"
33        android:icon="@mipmap/ic_launcher"
33-->src\main\AndroidManifest.xml:7:9-43
34        android:label="@string/app_name"
34-->src\main\AndroidManifest.xml:8:9-41
35        android:roundIcon="@mipmap/ic_launcher_round"
35-->src\main\AndroidManifest.xml:9:9-54
36        android:supportsRtl="true"
36-->src\main\AndroidManifest.xml:10:9-35
37        android:theme="@style/AppTheme" >
37-->src\main\AndroidManifest.xml:11:9-40
38        <activity android:name="com.example.location.MainActivity" >
38-->src\main\AndroidManifest.xml:12:9-18:20
38-->src\main\AndroidManifest.xml:12:19-47
39            <intent-filter>
39-->src\main\AndroidManifest.xml:13:13-17:29
40                <action android:name="android.intent.action.MAIN" />
40-->src\main\AndroidManifest.xml:14:17-69
40-->src\main\AndroidManifest.xml:14:25-66
41
42                <category android:name="android.intent.category.LAUNCHER" />
42-->src\main\AndroidManifest.xml:16:17-77
42-->src\main\AndroidManifest.xml:16:27-74
43            </intent-filter>
44        </activity>
45
46        <receiver android:name="com.google.android.gms.cast.framework.media.MediaIntentReceiver" />
46-->[com.google.android.gms:play-services-cast-framework:12.0.1] AndroidManifest.xml:8:9-100
46-->[com.google.android.gms:play-services-cast-framework:12.0.1] AndroidManifest.xml:8:19-97
47
48        <service android:name="com.google.android.gms.cast.framework.media.MediaNotificationService" />
48-->[com.google.android.gms:play-services-cast-framework:12.0.1] AndroidManifest.xml:10:9-104
48-->[com.google.android.gms:play-services-cast-framework:12.0.1] AndroidManifest.xml:10:18-101
49        <service android:name="com.google.android.gms.cast.framework.ReconnectionService" /> <!-- Include the AdActivity and InAppPurchaseActivity configChanges and themes. -->
49-->[com.google.android.gms:play-services-cast-framework:12.0.1] AndroidManifest.xml:11:9-93
49-->[com.google.android.gms:play-services-cast-framework:12.0.1] AndroidManifest.xml:11:18-90
50        <activity
50-->[com.google.android.gms:play-services-ads-lite:12.0.1] AndroidManifest.xml:29:9-33:64
51            android:name="com.google.android.gms.ads.AdActivity"
51-->[com.google.android.gms:play-services-ads-lite:12.0.1] AndroidManifest.xml:30:13-65
52            android:configChanges="keyboard|keyboardHidden|orientation|screenLayout|uiMode|screenSize|smallestScreenSize"
52-->[com.google.android.gms:play-services-ads-lite:12.0.1] AndroidManifest.xml:31:13-122
53            android:exported="false"
53-->[com.google.android.gms:play-services-ads-lite:12.0.1] AndroidManifest.xml:32:13-37
54            android:theme="@android:style/Theme.Translucent" />
54-->[com.google.android.gms:play-services-ads-lite:12.0.1] AndroidManifest.xml:33:13-61
55
56        <receiver
56-->[com.google.android.gms:play-services-analytics:12.0.1] AndroidManifest.xml:30:9-34:20
57            android:name="com.google.android.gms.analytics.AnalyticsReceiver"
57-->[com.google.android.gms:play-services-analytics:12.0.1] AndroidManifest.xml:31:13-78
58            android:enabled="true"
58-->[com.google.android.gms:play-services-analytics:12.0.1] AndroidManifest.xml:32:13-35
59            android:exported="false" >
59-->[com.google.android.gms:play-services-analytics:12.0.1] AndroidManifest.xml:33:13-37
60        </receiver>
61
62        <service
62-->[com.google.android.gms:play-services-analytics:12.0.1] AndroidManifest.xml:36:9-39:40
63            android:name="com.google.android.gms.analytics.AnalyticsService"
63-->[com.google.android.gms:play-services-analytics:12.0.1] AndroidManifest.xml:37:13-77
64            android:enabled="true"
64-->[com.google.android.gms:play-services-analytics:12.0.1] AndroidManifest.xml:38:13-35
65            android:exported="false" />
65-->[com.google.android.gms:play-services-analytics:12.0.1] AndroidManifest.xml:39:13-37
66        <service
66-->[com.google.android.gms:play-services-analytics:12.0.1] AndroidManifest.xml:40:9-44:72
67            android:name="com.google.android.gms.analytics.AnalyticsJobService"
67-->[com.google.android.gms:play-services-analytics:12.0.1] AndroidManifest.xml:41:13-80
68            android:enabled="true"
68-->[com.google.android.gms:play-services-analytics:12.0.1] AndroidManifest.xml:42:13-35
69            android:exported="false"
69-->[com.google.android.gms:play-services-analytics:12.0.1] AndroidManifest.xml:43:13-37
70            android:permission="android.permission.BIND_JOB_SERVICE" />
70-->[com.google.android.gms:play-services-analytics:12.0.1] AndroidManifest.xml:44:13-69
71
72        <activity
72-->[com.google.android.gms:play-services-appinvite:12.0.1] AndroidManifest.xml:25:9-34:20
73            android:name="com.google.android.gms.appinvite.PreviewActivity"
73-->[com.google.android.gms:play-services-appinvite:12.0.1] AndroidManifest.xml:26:13-76
74            android:exported="true"
74-->[com.google.android.gms:play-services-appinvite:12.0.1] AndroidManifest.xml:27:13-36
75            android:theme="@style/Theme.AppInvite.Preview" >
75-->[com.google.android.gms:play-services-appinvite:12.0.1] AndroidManifest.xml:28:13-59
76            <intent-filter>
76-->[com.google.android.gms:play-services-appinvite:12.0.1] AndroidManifest.xml:29:13-33:29
77                <action android:name="com.google.android.gms.appinvite.ACTION_PREVIEW" />
77-->[com.google.android.gms:play-services-appinvite:12.0.1] AndroidManifest.xml:30:17-90
77-->[com.google.android.gms:play-services-appinvite:12.0.1] AndroidManifest.xml:30:25-87
78
79                <category android:name="android.intent.category.DEFAULT" />
79-->[com.google.android.gms:play-services-appinvite:12.0.1] AndroidManifest.xml:32:17-76
79-->[com.google.android.gms:play-services-appinvite:12.0.1] AndroidManifest.xml:32:27-73
80            </intent-filter>
81        </activity>
82        <activity
82-->[com.google.android.gms:play-services-auth:12.0.1] AndroidManifest.xml:23:9-27:75
83            android:name="com.google.android.gms.auth.api.signin.internal.SignInHubActivity"
83-->[com.google.android.gms:play-services-auth:12.0.1] AndroidManifest.xml:24:13-93
84            android:excludeFromRecents="true"
84-->[com.google.android.gms:play-services-auth:12.0.1] AndroidManifest.xml:25:13-46
85            android:exported="false"
85-->[com.google.android.gms:play-services-auth:12.0.1] AndroidManifest.xml:26:13-37
86            android:theme="@android:style/Theme.Translucent.NoTitleBar" />
86-->[com.google.android.gms:play-services-auth:12.0.1] AndroidManifest.xml:27:13-72
87        <!--
88            Service handling Google Sign-In user revocation. For apps that do not integrate with
89            Google Sign-In, this service will never be started.
90        -->
91        <service
91-->[com.google.android.gms:play-services-auth:12.0.1] AndroidManifest.xml:33:9-36:110
92            android:name="com.google.android.gms.auth.api.signin.RevocationBoundService"
92-->[com.google.android.gms:play-services-auth:12.0.1] AndroidManifest.xml:34:13-89
93            android:exported="true"
93-->[com.google.android.gms:play-services-auth:12.0.1] AndroidManifest.xml:35:13-36
94            android:permission="com.google.android.gms.auth.api.signin.permission.REVOCATION_NOTIFICATION" />
94-->[com.google.android.gms:play-services-auth:12.0.1] AndroidManifest.xml:36:13-107
95
96        <activity
96-->[com.google.firebase:firebase-auth:12.0.1] AndroidManifest.xml:23:9-29:75
97            android:name="com.google.firebase.auth.internal.FederatedSignInActivity"
97-->[com.google.firebase:firebase-auth:12.0.1] AndroidManifest.xml:24:13-85
98            android:excludeFromRecents="true"
98-->[com.google.firebase:firebase-auth:12.0.1] AndroidManifest.xml:25:13-46
99            android:exported="true"
99-->[com.google.firebase:firebase-auth:12.0.1] AndroidManifest.xml:26:13-36
100            android:launchMode="singleInstance"
100-->[com.google.firebase:firebase-auth:12.0.1] AndroidManifest.xml:27:13-48
101            android:permission="com.google.firebase.auth.api.gms.permission.LAUNCH_FEDERATED_SIGN_IN"
101-->[com.google.firebase:firebase-auth:12.0.1] AndroidManifest.xml:28:13-102
102            android:theme="@android:style/Theme.Translucent.NoTitleBar" />
102-->[com.google.firebase:firebase-auth:12.0.1] AndroidManifest.xml:29:13-72
103        <activity
103-->[com.google.android.gms:play-services-base:12.0.1] AndroidManifest.xml:23:9-26:75
104            android:name="com.google.android.gms.common.api.GoogleApiActivity"
104-->[com.google.android.gms:play-services-base:12.0.1] AndroidManifest.xml:24:13-79
105            android:exported="false"
105-->[com.google.android.gms:play-services-base:12.0.1] AndroidManifest.xml:25:13-37
106            android:theme="@android:style/Theme.Translucent.NoTitleBar" />
106-->[com.google.android.gms:play-services-base:12.0.1] AndroidManifest.xml:26:13-72
107        <!--
108             FirebaseMessagingService performs security checks at runtime,
109             no need for explicit permissions despite exported="true"
110        -->
111        <service
111-->[com.google.firebase:firebase-messaging:12.0.1] AndroidManifest.xml:28:9-34:19
112            android:name="com.google.firebase.messaging.FirebaseMessagingService"
112-->[com.google.firebase:firebase-messaging:12.0.1] AndroidManifest.xml:29:13-82
113            android:exported="true" >
113-->[com.google.firebase:firebase-messaging:12.0.1] AndroidManifest.xml:30:13-36
114            <intent-filter android:priority="-500" >
114-->[com.google.firebase:firebase-messaging:12.0.1] AndroidManifest.xml:31:13-33:29
114-->[com.google.firebase:firebase-messaging:12.0.1] AndroidManifest.xml:31:28-51
115                <action android:name="com.google.firebase.MESSAGING_EVENT" />
115-->[com.google.firebase:firebase-messaging:12.0.1] AndroidManifest.xml:32:17-78
115-->[com.google.firebase:firebase-messaging:12.0.1] AndroidManifest.xml:32:25-75
116            </intent-filter>
117        </service>
118        <service
118-->[com.google.android.gms:play-services-tagmanager-api:12.0.1] AndroidManifest.xml:27:9-30:40
119            android:name="com.google.android.gms.tagmanager.TagManagerService"
119-->[com.google.android.gms:play-services-tagmanager-api:12.0.1] AndroidManifest.xml:28:13-79
120            android:enabled="true"
120-->[com.google.android.gms:play-services-tagmanager-api:12.0.1] AndroidManifest.xml:29:13-35
121            android:exported="false" />
121-->[com.google.android.gms:play-services-tagmanager-api:12.0.1] AndroidManifest.xml:30:13-37
122
123        <activity
123-->[com.google.android.gms:play-services-tagmanager-api:12.0.1] AndroidManifest.xml:32:9-44:20
124            android:name="com.google.android.gms.tagmanager.TagManagerPreviewActivity"
124-->[com.google.android.gms:play-services-tagmanager-api:12.0.1] AndroidManifest.xml:33:13-87
125            android:exported="true"
125-->[com.google.android.gms:play-services-tagmanager-api:12.0.1] AndroidManifest.xml:34:13-36
126            android:noHistory="true" > <!-- optional, removes the previewActivity from the activity stack. -->
126-->[com.google.android.gms:play-services-tagmanager-api:12.0.1] AndroidManifest.xml:35:13-37
127            <intent-filter>
127-->[com.google.android.gms:play-services-tagmanager-api:12.0.1] AndroidManifest.xml:36:13-43:29
128                <data android:scheme="tagmanager.c.com.example.location" />
128-->[com.google.android.gms:play-services-tagmanager-api:12.0.1] AndroidManifest.xml:37:17-72
128-->[com.google.android.gms:play-services-tagmanager-api:12.0.1] AndroidManifest.xml:37:23-69
129
130                <action android:name="android.intent.action.VIEW" />
130-->[com.google.android.gms:play-services-tagmanager-api:12.0.1] AndroidManifest.xml:39:17-69
130-->[com.google.android.gms:play-services-tagmanager-api:12.0.1] AndroidManifest.xml:39:25-66
131
132                <category android:name="android.intent.category.DEFAULT" />
132-->[com.google.android.gms:play-services-appinvite:12.0.1] AndroidManifest.xml:32:17-76
132-->[com.google.android.gms:play-services-appinvite:12.0.1] AndroidManifest.xml:32:27-73
133                <category android:name="android.intent.category.BROWSABLE" />
133-->[com.google.android.gms:play-services-tagmanager-api:12.0.1] AndroidManifest.xml:42:17-78
133-->[com.google.android.gms:play-services-tagmanager-api:12.0.1] AndroidManifest.xml:42:27-75
134            </intent-filter>
135        </activity>
136
137        <receiver
137-->[com.google.firebase:firebase-analytics:12.0.1] AndroidManifest.xml:28:9-32:20
138            android:name="com.google.android.gms.measurement.AppMeasurementReceiver"
138-->[com.google.firebase:firebase-analytics:12.0.1] AndroidManifest.xml:29:13-85
139            android:enabled="true"
139-->[com.google.firebase:firebase-analytics:12.0.1] AndroidManifest.xml:30:13-35
140            android:exported="false" >
140-->[com.google.firebase:firebase-analytics:12.0.1] AndroidManifest.xml:31:13-37
141        </receiver>
142        <receiver
142-->[com.google.firebase:firebase-analytics:12.0.1] AndroidManifest.xml:33:9-41:20
143            android:name="com.google.android.gms.measurement.AppMeasurementInstallReferrerReceiver"
143-->[com.google.firebase:firebase-analytics:12.0.1] AndroidManifest.xml:34:13-100
144            android:enabled="true"
144-->[com.google.firebase:firebase-analytics:12.0.1] AndroidManifest.xml:35:13-35
145            android:exported="true"
145-->[com.google.firebase:firebase-analytics:12.0.1] AndroidManifest.xml:36:13-36
146            android:permission="android.permission.INSTALL_PACKAGES" >
146-->[com.google.firebase:firebase-analytics:12.0.1] AndroidManifest.xml:37:13-69
147            <intent-filter>
147-->[com.google.firebase:firebase-analytics:12.0.1] AndroidManifest.xml:38:13-40:29
148                <action android:name="com.android.vending.INSTALL_REFERRER" />
148-->[com.google.firebase:firebase-analytics:12.0.1] AndroidManifest.xml:39:17-79
148-->[com.google.firebase:firebase-analytics:12.0.1] AndroidManifest.xml:39:25-76
149            </intent-filter>
150        </receiver>
151
152        <service
152-->[com.google.firebase:firebase-analytics:12.0.1] AndroidManifest.xml:43:9-46:40
153            android:name="com.google.android.gms.measurement.AppMeasurementService"
153-->[com.google.firebase:firebase-analytics:12.0.1] AndroidManifest.xml:44:13-84
154            android:enabled="true"
154-->[com.google.firebase:firebase-analytics:12.0.1] AndroidManifest.xml:45:13-35
155            android:exported="false" />
155-->[com.google.firebase:firebase-analytics:12.0.1] AndroidManifest.xml:46:13-37
156        <service
156-->[com.google.firebase:firebase-analytics:12.0.1] AndroidManifest.xml:47:9-51:72
157            android:name="com.google.android.gms.measurement.AppMeasurementJobService"
157-->[com.google.firebase:firebase-analytics:12.0.1] AndroidManifest.xml:48:13-87
158            android:enabled="true"
158-->[com.google.firebase:firebase-analytics:12.0.1] AndroidManifest.xml:49:13-35
159            android:exported="false"
159-->[com.google.firebase:firebase-analytics:12.0.1] AndroidManifest.xml:50:13-37
160            android:permission="android.permission.BIND_JOB_SERVICE" />
160-->[com.google.firebase:firebase-analytics:12.0.1] AndroidManifest.xml:51:13-69
161
162        <receiver
162-->[com.google.firebase:firebase-iid:12.0.1] AndroidManifest.xml:35:9-44:20
163            android:name="com.google.firebase.iid.FirebaseInstanceIdReceiver"
163-->[com.google.firebase:firebase-iid:12.0.1] AndroidManifest.xml:36:13-78
164            android:exported="true"
164-->[com.google.firebase:firebase-iid:12.0.1] AndroidManifest.xml:37:13-36
165            android:permission="com.google.android.c2dm.permission.SEND" >
165-->[com.google.firebase:firebase-iid:12.0.1] AndroidManifest.xml:38:13-73
166            <intent-filter>
166-->[com.google.firebase:firebase-iid:12.0.1] AndroidManifest.xml:39:13-43:29
167                <action android:name="com.google.android.c2dm.intent.RECEIVE" />
167-->[com.google.firebase:firebase-iid:12.0.1] AndroidManifest.xml:40:17-81
167-->[com.google.firebase:firebase-iid:12.0.1] AndroidManifest.xml:40:25-78
168
169                <category android:name="com.example.location" />
169-->[com.google.firebase:firebase-iid:12.0.1] AndroidManifest.xml:42:17-61
169-->[com.google.firebase:firebase-iid:12.0.1] AndroidManifest.xml:42:27-58
170            </intent-filter>
171        </receiver>
172        <!--
173             FirebaseInstanceIdService performs security checks at runtime,
174             no need for explicit permissions despite exported="true"
175        -->
176        <service
176-->[com.google.firebase:firebase-iid:12.0.1] AndroidManifest.xml:50:9-56:19
177            android:name="com.google.firebase.iid.FirebaseInstanceIdService"
177-->[com.google.firebase:firebase-iid:12.0.1] AndroidManifest.xml:51:13-77
178            android:exported="true" >
178-->[com.google.firebase:firebase-iid:12.0.1] AndroidManifest.xml:52:13-36
179            <intent-filter android:priority="-500" >
179-->[com.google.firebase:firebase-iid:12.0.1] AndroidManifest.xml:53:13-55:29
179-->[com.google.firebase:firebase-iid:12.0.1] AndroidManifest.xml:53:28-51
180                <action android:name="com.google.firebase.INSTANCE_ID_EVENT" />
180-->[com.google.firebase:firebase-iid:12.0.1] AndroidManifest.xml:54:17-80
180-->[com.google.firebase:firebase-iid:12.0.1] AndroidManifest.xml:54:25-77
181            </intent-filter>
182        </service>
183
184        <provider
184-->[com.google.firebase:firebase-common:12.0.1] AndroidManifest.xml:8:9-12:39
185            android:name="com.google.firebase.provider.FirebaseInitProvider"
185-->[com.google.firebase:firebase-common:12.0.1] AndroidManifest.xml:9:13-77
186            android:authorities="com.example.location.firebaseinitprovider"
186-->[com.google.firebase:firebase-common:12.0.1] AndroidManifest.xml:10:13-72
187            android:exported="false"
187-->[com.google.firebase:firebase-common:12.0.1] AndroidManifest.xml:11:13-37
188            android:initOrder="100" />
188-->[com.google.firebase:firebase-common:12.0.1] AndroidManifest.xml:12:13-36
189
190        <meta-data
190-->[com.google.android.gms:play-services-basement:12.0.1] AndroidManifest.xml:23:9-25:69
191            android:name="com.google.android.gms.version"
191-->[com.google.android.gms:play-services-basement:12.0.1] AndroidManifest.xml:24:13-58
192            android:value="@integer/google_play_services_version" />
192-->[com.google.android.gms:play-services-basement:12.0.1] AndroidManifest.xml:25:13-66
193    </application>
194
195</manifest>